<?xml version="1.0" encoding="UTF-8"?>
<testng-results ignored="0" total="2" passed="2" failed="0" skipped="0">
  <reporter-output>
  </reporter-output>
  <suite started-at="2022-08-16T19:49:17 IST" name="Suite" finished-at="2022-08-16T19:49:20 IST" duration-ms="2774">
    <groups>
    </groups>
    <test started-at="2022-08-16T19:49:17 IST" name="Test" finished-at="2022-08-16T19:49:20 IST" duration-ms="2774">
      <class name="Validation.Testing">
        <test-method signature="ForeignPlayers()[pri:0, instance:Validation.Testing@1725dc0f]" started-at="2022-08-16T19:49:17 IST" name="ForeignPlayers" finished-at="2022-08-16T19:49:20 IST" duration-ms="2321" status="PASS">
          <reporter-output>
          </reporter-output>
        </test-method> <!-- ForeignPlayers -->
        <test-method signature="Wicketkeeper()[pri:0, instance:Validation.Testing@1725dc0f]" started-at="2022-08-16T19:49:20 IST" name="Wicketkeeper" finished-at="2022-08-16T19:49:20 IST" duration-ms="376" status="PASS">
          <reporter-output>
          </reporter-output>
        </test-method> <!-- Wicketkeeper -->
      </class> <!-- Validation.Testing -->
    </test> <!-- Test -->
  </suite> <!-- Suite -->
</testng-results>
